{"level":"error","message":"SHOPIFY_STORE_URL not found in environment variables","timestamp":"2025-04-30 22:49:48"}
{"level":"error","message":"Please add SHOPIFY_STORE_URL to your .env file","timestamp":"2025-04-30 22:49:48"}
{"level":"error","message":"SHOPIFY_ACCESS_TOKEN not found in environment variables","timestamp":"2025-04-30 22:49:48"}
{"level":"error","message":"Please add SHOPIFY_ACCESS_TOKEN to your .env file","timestamp":"2025-04-30 22:49:48"}
{"email":"sahibasheer98@gmail.com","error":"Invalid URL","level":"error","message":"Error finding Shopify customer: Invalid URL","timestamp":"2025-04-30 22:49:57"}
{"email":"sahibasheer98@gmail.com","error":"Invalid URL","level":"error","message":"Error finding Shopify customer: Invalid URL","timestamp":"2025-04-30 22:50:00"}
{"email":"sahibasheer98@gmail.com","error":"Invalid URL","level":"error","message":"Error finding Shopify customer: Invalid URL","timestamp":"2025-04-30 22:50:03"}
{"email":"sahibasheer98@gmail.com","error":"Invalid URL","level":"error","message":"Error finding Shopify customer: Invalid URL","requestId":"c233e4f4-3119-4260-938f-00acd0733e86","timestamp":"2025-04-30 22:50:26"}
{"code":"UNKNOWN_ERROR","error":"Failed to find customer in Shopify","level":"error","message":"Shopify API error during login for sahibasheer98@gmail.com","requestId":"c233e4f4-3119-4260-938f-00acd0733e86","stack":"Error: Failed to find customer in Shopify\n    at findCustomerByEmail (C:\\Users\\LENOVO\\Desktop\\SwapCredVS\\server\\utils\\shopify.js:135:11)\n    at process.processTicksAndRejections (node:internal/process/task_queues:105:5)\n    at async C:\\Users\\LENOVO\\Desktop\\SwapCredVS\\server\\routes\\auth.js:131:31","timestamp":"2025-04-30 22:50:26"}
{"email":"sahibasheer98@gmail.com","error":"Invalid URL","level":"error","message":"Error finding Shopify customer: Invalid URL","requestId":"7b2aacb3-bb46-435f-b5ae-6d51305bd851","timestamp":"2025-04-30 22:54:33"}
{"code":"UNKNOWN_ERROR","error":"Failed to find customer in Shopify","level":"error","message":"Shopify API error during login for sahibasheer98@gmail.com","requestId":"7b2aacb3-bb46-435f-b5ae-6d51305bd851","stack":"Error: Failed to find customer in Shopify\n    at findCustomerByEmail (C:\\Users\\LENOVO\\Desktop\\SwapCredVS\\server\\utils\\shopify.js:135:11)\n    at process.processTicksAndRejections (node:internal/process/task_queues:105:5)\n    at async C:\\Users\\LENOVO\\Desktop\\SwapCredVS\\server\\routes\\auth.js:131:31","timestamp":"2025-04-30 22:54:33"}
{"email":"roq2362005@gmail.com","error":"Invalid URL","level":"error","message":"Error finding Shopify customer: Invalid URL","requestId":"9947bcd0-fbcd-49dd-b451-95954dfd0ade","timestamp":"2025-04-30 22:58:54"}
{"code":"UNKNOWN_ERROR","error":"Failed to find customer in Shopify","level":"error","message":"Shopify API error during login for roq2362005@gmail.com","requestId":"9947bcd0-fbcd-49dd-b451-95954dfd0ade","stack":"Error: Failed to find customer in Shopify\n    at findCustomerByEmail (C:\\Users\\LENOVO\\Desktop\\SwapCredVS\\server\\utils\\shopify.js:135:11)\n    at process.processTicksAndRejections (node:internal/process/task_queues:105:5)\n    at async C:\\Users\\LENOVO\\Desktop\\SwapCredVS\\server\\routes\\auth.js:131:31","timestamp":"2025-04-30 22:58:54"}
{"email":"sahibasheer98@gmail.com","error":"Invalid URL","level":"error","message":"Error finding Shopify customer: Invalid URL","requestId":"a1fa53c3-9bd8-464f-b16e-f58092e208c3","timestamp":"2025-04-30 23:08:46"}
{"code":"UNKNOWN_ERROR","error":"Failed to find customer in Shopify","level":"error","message":"Shopify API error during login for sahibasheer98@gmail.com","requestId":"a1fa53c3-9bd8-464f-b16e-f58092e208c3","stack":"Error: Failed to find customer in Shopify\n    at findCustomerByEmail (C:\\Users\\LENOVO\\Desktop\\SwapCredVS\\server\\utils\\shopify.js:135:11)\n    at process.processTicksAndRejections (node:internal/process/task_queues:105:5)\n    at async C:\\Users\\LENOVO\\Desktop\\SwapCredVS\\server\\routes\\auth.js:131:31","timestamp":"2025-04-30 23:08:46"}
{"email":"sahibasheer98@gmail.com","error":"Invalid URL","level":"error","message":"Error finding Shopify customer: Invalid URL","requestId":"8018d3b3-9006-440d-816f-c074ad861d7c","timestamp":"2025-04-30 23:10:48"}
{"code":"UNKNOWN_ERROR","error":"Failed to find customer in Shopify","level":"error","message":"Shopify API error during login for sahibasheer98@gmail.com","requestId":"8018d3b3-9006-440d-816f-c074ad861d7c","stack":"Error: Failed to find customer in Shopify\n    at findCustomerByEmail (C:\\Users\\LENOVO\\Desktop\\SwapCredVS\\server\\utils\\shopify.js:135:11)\n    at process.processTicksAndRejections (node:internal/process/task_queues:105:5)\n    at async C:\\Users\\LENOVO\\Desktop\\SwapCredVS\\server\\routes\\auth.js:131:31","timestamp":"2025-04-30 23:10:48"}
{"email":"sahibasheer98@gmail.com","error":"Invalid URL","level":"error","message":"Error finding Shopify customer: Invalid URL","requestId":"4c270540-d5aa-44d0-ba3a-763eddc93f6b","timestamp":"2025-04-30 23:22:12"}
{"code":"UNKNOWN_ERROR","error":"Failed to find customer in Shopify","level":"error","message":"Shopify API error during login for sahibasheer98@gmail.com","requestId":"4c270540-d5aa-44d0-ba3a-763eddc93f6b","stack":"Error: Failed to find customer in Shopify\n    at findCustomerByEmail (C:\\Users\\LENOVO\\Desktop\\SwapCredVS\\server\\utils\\shopify.js:135:11)\n    at process.processTicksAndRejections (node:internal/process/task_queues:105:5)\n    at async C:\\Users\\LENOVO\\Desktop\\SwapCredVS\\server\\routes\\auth.js:131:31","timestamp":"2025-04-30 23:22:12"}
{"email":"sahibasheer98@gmail.com","error":"Invalid URL","level":"error","message":"Error finding Shopify customer: Invalid URL","requestId":"a7d66589-d063-4dbf-ab81-cc6a30de75f2","timestamp":"2025-04-30 23:27:01"}
{"code":"UNKNOWN_ERROR","error":"Failed to find customer in Shopify","level":"error","message":"Shopify API error during login for sahibasheer98@gmail.com","requestId":"a7d66589-d063-4dbf-ab81-cc6a30de75f2","stack":"Error: Failed to find customer in Shopify\n    at findCustomerByEmail (C:\\Users\\LENOVO\\Desktop\\SwapCredVS\\server\\utils\\shopify.js:135:11)\n    at process.processTicksAndRejections (node:internal/process/task_queues:105:5)\n    at async C:\\Users\\LENOVO\\Desktop\\SwapCredVS\\server\\routes\\auth.js:131:31","timestamp":"2025-04-30 23:27:01"}
{"email":"roq2362005@gmail.com","error":"Invalid URL","level":"error","message":"Error finding Shopify customer: Invalid URL","requestId":"5cde4990-343d-4278-acce-710db97f93d1","timestamp":"2025-04-30 23:29:44"}
{"code":"UNKNOWN_ERROR","error":"Failed to find customer in Shopify","level":"error","message":"Shopify API error during login for roq2362005@gmail.com","requestId":"5cde4990-343d-4278-acce-710db97f93d1","stack":"Error: Failed to find customer in Shopify\n    at findCustomerByEmail (C:\\Users\\LENOVO\\Desktop\\SwapCredVS\\server\\utils\\shopify.js:135:11)\n    at process.processTicksAndRejections (node:internal/process/task_queues:105:5)\n    at async C:\\Users\\LENOVO\\Desktop\\SwapCredVS\\server\\routes\\auth.js:131:31","timestamp":"2025-04-30 23:29:44"}
{"level":"error","message":"SHOPIFY_STORE_URL not found in environment variables","timestamp":"2025-04-30 23:33:31"}
{"level":"error","message":"Please add SHOPIFY_STORE_URL to your .env file","timestamp":"2025-04-30 23:33:31"}
{"level":"error","message":"SHOPIFY_ACCESS_TOKEN not found in environment variables","timestamp":"2025-04-30 23:33:31"}
{"level":"error","message":"Please add SHOPIFY_ACCESS_TOKEN to your .env file","timestamp":"2025-04-30 23:33:31"}
{"level":"error","message":"SHOPIFY_STORE_URL not found in environment variables","timestamp":"2025-05-16 22:52:30"}
{"level":"error","message":"Please add SHOPIFY_STORE_URL to your .env file","timestamp":"2025-05-16 22:52:30"}
{"level":"error","message":"SHOPIFY_ACCESS_TOKEN not found in environment variables","timestamp":"2025-05-16 22:52:30"}
{"level":"error","message":"Please add SHOPIFY_ACCESS_TOKEN to your .env file","timestamp":"2025-05-16 22:52:30"}
